c:\users\kaveo\desktop\kernel-hello-world\x64\debug\vc143.pdb
c:\users\kaveo\desktop\kernel-hello-world\x64\debug\driver.obj
c:\users\kaveo\desktop\kernel-hello-world\x64\debug\kernel-driver\kernel-driver.cat
c:\users\kaveo\desktop\kernel-hello-world\x64\debug\kernel-driver.sys
c:\users\kaveo\desktop\kernel-hello-world\x64\debug\kernel-driver.pdb
c:\users\kaveo\desktop\kernel-hello-world\x64\debug\kernel-driver.inf
c:\users\kaveo\desktop\kernel-hello-world\x64\debug\kernel-driver.cer
c:\users\kaveo\desktop\kernel-hello-world\x64\debug\kernel-driver.tlog\cl.command.1.tlog
c:\users\kaveo\desktop\kernel-hello-world\x64\debug\kernel-driver.tlog\cl.items.tlog
c:\users\kaveo\desktop\kernel-hello-world\x64\debug\kernel-driver.tlog\cl.read.1.tlog
c:\users\kaveo\desktop\kernel-hello-world\x64\debug\kernel-driver.tlog\cl.write.1.tlog
c:\users\kaveo\desktop\kernel-hello-world\x64\debug\kernel-driver.tlog\inf2cat-expand.17552.read.1.tlog
c:\users\kaveo\desktop\kernel-hello-world\x64\debug\kernel-driver.tlog\inf2cat-expand.17552.write.1.tlog
c:\users\kaveo\desktop\kernel-hello-world\x64\debug\kernel-driver.tlog\inf2cat-expand.read.1.tlog
c:\users\kaveo\desktop\kernel-hello-world\x64\debug\kernel-driver.tlog\inf2cat-expand.write.1.tlog
c:\users\kaveo\desktop\kernel-hello-world\x64\debug\kernel-driver.tlog\inf2cat.command.1.tlog
c:\users\kaveo\desktop\kernel-hello-world\x64\debug\kernel-driver.tlog\inf2cat.read.1.tlog
c:\users\kaveo\desktop\kernel-hello-world\x64\debug\kernel-driver.tlog\inf2cat.write.1.tlog
c:\users\kaveo\desktop\kernel-hello-world\x64\debug\kernel-driver.tlog\link.command.1.tlog
c:\users\kaveo\desktop\kernel-hello-world\x64\debug\kernel-driver.tlog\link.read.1.tlog
c:\users\kaveo\desktop\kernel-hello-world\x64\debug\kernel-driver.tlog\link.secondary.1.tlog
c:\users\kaveo\desktop\kernel-hello-world\x64\debug\kernel-driver.tlog\link.write.1.tlog
c:\users\kaveo\desktop\kernel-hello-world\x64\debug\kernel-driver.tlog\signtool.command.1.tlog
c:\users\kaveo\desktop\kernel-hello-world\x64\debug\kernel-driver.tlog\signtool.read.1.tlog
c:\users\kaveo\desktop\kernel-hello-world\x64\debug\kernel-driver.tlog\signtool.timestamp.1.tlog
c:\users\kaveo\desktop\kernel-hello-world\x64\debug\kernel-driver.tlog\signtool.write.1.tlog
c:\users\kaveo\desktop\kernel-hello-world\x64\debug\kernel-driver.tlog\stampinf.command.1.tlog
c:\users\kaveo\desktop\kernel-hello-world\x64\debug\kernel-driver.tlog\stampinf.read.1.tlog
c:\users\kaveo\desktop\kernel-hello-world\x64\debug\kernel-driver.tlog\stampinf.write.1.tlog
